<?xml version="1.0" encoding="UTF-8"?>
<robot generator="Robot 6.1.1 (Python 3.10.12 on linux)" generated="20231120 18:57:35.961" rpa="false" schemaversion="4">
<suite id="s1" name="Tests" source="/home/patricks/ohtu/viikko3/web-login/src/tests">
<suite id="s1-s1" name="Home" source="/home/patricks/ohtu/viikko3/web-login/src/tests/home.robot">
<kw name="Open And Configure Browser" library="resource" type="SETUP">
<kw name="Evaluate" library="BuiltIn">
<var>${options}</var>
<arg>sys.modules['selenium.webdriver'].ChromeOptions()</arg>
<arg>sys</arg>
<doc>Evaluates the given expression in Python and returns the result.</doc>
<msg timestamp="20231120 18:57:36.101" level="INFO">${options} = &lt;selenium.webdriver.chrome.options.Options object at 0x7f26d160feb0&gt;</msg>
<status status="PASS" starttime="20231120 18:57:36.101" endtime="20231120 18:57:36.101"/>
</kw>
<kw name="Open Browser" library="SeleniumLibrary">
<arg>browser=chrome</arg>
<arg>options=${options}</arg>
<doc>Opens a new browser instance to the optional ``url``.</doc>
<msg timestamp="20231120 18:57:36.102" level="INFO">Opening browser 'chrome' to base url 'None'.</msg>
<status status="PASS" starttime="20231120 18:57:36.101" endtime="20231120 18:57:37.162"/>
</kw>
<kw name="Set Selenium Speed" library="SeleniumLibrary">
<arg>${DELAY}</arg>
<doc>Sets the delay that is waited after each Selenium command.</doc>
<status status="PASS" starttime="20231120 18:57:37.162" endtime="20231120 18:57:37.163"/>
</kw>
<status status="PASS" starttime="20231120 18:57:36.101" endtime="20231120 18:57:37.163"/>
</kw>
<test id="s1-s1-t1" name="Click Login Link" line="8">
<kw name="Go To Starting Page" library="resource" type="SETUP">
<kw name="Go To" library="SeleniumLibrary">
<arg>${HOME_URL}</arg>
<doc>Navigates the current browser window to the provided ``url``.</doc>
<msg timestamp="20231120 18:57:37.164" level="INFO">Opening url 'http://localhost:5001'</msg>
<status status="PASS" starttime="20231120 18:57:37.164" endtime="20231120 18:57:37.759"/>
</kw>
<status status="PASS" starttime="20231120 18:57:37.163" endtime="20231120 18:57:37.759"/>
</kw>
<kw name="Click Link" library="SeleniumLibrary">
<arg>Login</arg>
<doc>Clicks a link identified by ``locator``.</doc>
<msg timestamp="20231120 18:57:37.761" level="INFO">Clicking link 'Login'.</msg>
<status status="PASS" starttime="20231120 18:57:37.760" endtime="20231120 18:57:39.361"/>
</kw>
<kw name="Login Page Should Be Open" library="resource">
<kw name="Title Should Be" library="SeleniumLibrary">
<arg>Login</arg>
<doc>Verifies that the current page title equals ``title``.</doc>
<msg timestamp="20231120 18:57:39.873" level="INFO">Page title is 'Login'.</msg>
<status status="PASS" starttime="20231120 18:57:39.362" endtime="20231120 18:57:39.873"/>
</kw>
<status status="PASS" starttime="20231120 18:57:39.361" endtime="20231120 18:57:39.873"/>
</kw>
<status status="PASS" starttime="20231120 18:57:37.163" endtime="20231120 18:57:39.873"/>
</test>
<test id="s1-s1-t2" name="Click Register Link" line="12">
<kw name="Go To Starting Page" library="resource" type="SETUP">
<kw name="Go To" library="SeleniumLibrary">
<arg>${HOME_URL}</arg>
<doc>Navigates the current browser window to the provided ``url``.</doc>
<msg timestamp="20231120 18:57:39.876" level="INFO">Opening url 'http://localhost:5001'</msg>
<status status="PASS" starttime="20231120 18:57:39.875" endtime="20231120 18:57:40.407"/>
</kw>
<status status="PASS" starttime="20231120 18:57:39.875" endtime="20231120 18:57:40.408"/>
</kw>
<kw name="Click Link" library="SeleniumLibrary">
<arg>Register new user</arg>
<doc>Clicks a link identified by ``locator``.</doc>
<msg timestamp="20231120 18:57:40.409" level="INFO">Clicking link 'Register new user'.</msg>
<status status="PASS" starttime="20231120 18:57:40.408" endtime="20231120 18:57:41.989"/>
</kw>
<kw name="Register Page Should Be Open" library="resource">
<kw name="Title Should Be" library="SeleniumLibrary">
<arg>Register</arg>
<doc>Verifies that the current page title equals ``title``.</doc>
<msg timestamp="20231120 18:57:42.501" level="INFO">Page title is 'Register'.</msg>
<status status="PASS" starttime="20231120 18:57:41.990" endtime="20231120 18:57:42.501"/>
</kw>
<status status="PASS" starttime="20231120 18:57:41.990" endtime="20231120 18:57:42.501"/>
</kw>
<status status="PASS" starttime="20231120 18:57:39.874" endtime="20231120 18:57:42.501"/>
</test>
<kw name="Close Browser" library="SeleniumLibrary" type="TEARDOWN">
<doc>Closes the current browser.</doc>
<status status="PASS" starttime="20231120 18:57:42.503" endtime="20231120 18:57:43.063"/>
</kw>
<status status="PASS" starttime="20231120 18:57:35.976" endtime="20231120 18:57:43.063"/>
</suite>
<suite id="s1-s2" name="Login" source="/home/patricks/ohtu/viikko3/web-login/src/tests/login.robot">
<kw name="Open And Configure Browser" library="resource" type="SETUP">
<kw name="Evaluate" library="BuiltIn">
<var>${options}</var>
<arg>sys.modules['selenium.webdriver'].ChromeOptions()</arg>
<arg>sys</arg>
<doc>Evaluates the given expression in Python and returns the result.</doc>
<msg timestamp="20231120 18:57:43.072" level="INFO">${options} = &lt;selenium.webdriver.chrome.options.Options object at 0x7f26d1351e70&gt;</msg>
<status status="PASS" starttime="20231120 18:57:43.072" endtime="20231120 18:57:43.072"/>
</kw>
<kw name="Open Browser" library="SeleniumLibrary">
<arg>browser=chrome</arg>
<arg>options=${options}</arg>
<doc>Opens a new browser instance to the optional ``url``.</doc>
<msg timestamp="20231120 18:57:43.073" level="INFO">Opening browser 'chrome' to base url 'None'.</msg>
<status status="PASS" starttime="20231120 18:57:43.072" endtime="20231120 18:57:44.163"/>
</kw>
<kw name="Set Selenium Speed" library="SeleniumLibrary">
<arg>${DELAY}</arg>
<doc>Sets the delay that is waited after each Selenium command.</doc>
<status status="PASS" starttime="20231120 18:57:44.163" endtime="20231120 18:57:44.163"/>
</kw>
<status status="PASS" starttime="20231120 18:57:43.071" endtime="20231120 18:57:44.163"/>
</kw>
<test id="s1-s2-t1" name="Login With Correct Credentials" line="8">
<kw name="Create User And Go To Login Page" type="SETUP">
<kw name="Create User" library="AppLibrary">
<arg>kalle</arg>
<arg>kalle123</arg>
<status status="PASS" starttime="20231120 18:57:44.164" endtime="20231120 18:57:44.171"/>
</kw>
<kw name="Go To Login Page" library="resource">
<kw name="Go To" library="SeleniumLibrary">
<arg>${LOGIN_URL}</arg>
<doc>Navigates the current browser window to the provided ``url``.</doc>
<msg timestamp="20231120 18:57:44.172" level="INFO">Opening url 'http://localhost:5001/login'</msg>
<status status="PASS" starttime="20231120 18:57:44.172" endtime="20231120 18:57:44.753"/>
</kw>
<status status="PASS" starttime="20231120 18:57:44.171" endtime="20231120 18:57:44.753"/>
</kw>
<kw name="Login Page Should Be Open" library="resource">
<kw name="Title Should Be" library="SeleniumLibrary">
<arg>Login</arg>
<doc>Verifies that the current page title equals ``title``.</doc>
<msg timestamp="20231120 18:57:45.265" level="INFO">Page title is 'Login'.</msg>
<status status="PASS" starttime="20231120 18:57:44.753" endtime="20231120 18:57:45.266"/>
</kw>
<status status="PASS" starttime="20231120 18:57:44.753" endtime="20231120 18:57:45.266"/>
</kw>
<status status="PASS" starttime="20231120 18:57:44.164" endtime="20231120 18:57:45.266"/>
</kw>
<kw name="Set Username">
<arg>kalle</arg>
<kw name="Input Text" library="SeleniumLibrary">
<arg>username</arg>
<arg>${username}</arg>
<doc>Types the given ``text`` into the text field identified by ``locator``.</doc>
<msg timestamp="20231120 18:57:45.268" level="INFO">Typing text 'kalle' into text field 'username'.</msg>
<status status="PASS" starttime="20231120 18:57:45.267" endtime="20231120 18:57:46.893"/>
</kw>
<status status="PASS" starttime="20231120 18:57:45.266" endtime="20231120 18:57:46.893"/>
</kw>
<kw name="Set Password">
<arg>kalle123</arg>
<kw name="Input Password" library="SeleniumLibrary">
<arg>password</arg>
<arg>${password}</arg>
<doc>Types the given password into the text field identified by ``locator``.</doc>
<msg timestamp="20231120 18:57:46.895" level="INFO">Typing password into text field 'password'.</msg>
<msg timestamp="20231120 18:57:47.950" level="INFO">Temporally setting log level to: NONE</msg>
<msg timestamp="20231120 18:57:48.493" level="INFO">Log level changed from NONE to INFO.</msg>
<status status="PASS" starttime="20231120 18:57:46.894" endtime="20231120 18:57:48.494"/>
</kw>
<status status="PASS" starttime="20231120 18:57:46.894" endtime="20231120 18:57:48.494"/>
</kw>
<kw name="Submit Credentials">
<kw name="Click Button" library="SeleniumLibrary">
<arg>Login</arg>
<doc>Clicks the button identified by ``locator``.</doc>
<msg timestamp="20231120 18:57:48.495" level="INFO">Clicking button 'Login'.</msg>
<status status="PASS" starttime="20231120 18:57:48.494" endtime="20231120 18:57:50.620"/>
</kw>
<status status="PASS" starttime="20231120 18:57:48.494" endtime="20231120 18:57:50.620"/>
</kw>
<kw name="Login Should Succeed">
<kw name="Main Page Should Be Open" library="resource">
<kw name="Title Should Be" library="SeleniumLibrary">
<arg>Ohtu Application main page</arg>
<doc>Verifies that the current page title equals ``title``.</doc>
<msg timestamp="20231120 18:57:51.132" level="INFO">Page title is 'Ohtu Application main page'.</msg>
<status status="PASS" starttime="20231120 18:57:50.621" endtime="20231120 18:57:51.133"/>
</kw>
<status status="PASS" starttime="20231120 18:57:50.621" endtime="20231120 18:57:51.133"/>
</kw>
<status status="PASS" starttime="20231120 18:57:50.620" endtime="20231120 18:57:51.133"/>
</kw>
<status status="PASS" starttime="20231120 18:57:44.164" endtime="20231120 18:57:51.133"/>
</test>
<test id="s1-s2-t2" name="Login With Incorrect Password" line="14">
<kw name="Create User And Go To Login Page" type="SETUP">
<kw name="Create User" library="AppLibrary">
<arg>kalle</arg>
<arg>kalle123</arg>
<status status="PASS" starttime="20231120 18:57:51.135" endtime="20231120 18:57:51.149"/>
</kw>
<kw name="Go To Login Page" library="resource">
<kw name="Go To" library="SeleniumLibrary">
<arg>${LOGIN_URL}</arg>
<doc>Navigates the current browser window to the provided ``url``.</doc>
<msg timestamp="20231120 18:57:51.150" level="INFO">Opening url 'http://localhost:5001/login'</msg>
<status status="PASS" starttime="20231120 18:57:51.150" endtime="20231120 18:57:51.682"/>
</kw>
<status status="PASS" starttime="20231120 18:57:51.149" endtime="20231120 18:57:51.682"/>
</kw>
<kw name="Login Page Should Be Open" library="resource">
<kw name="Title Should Be" library="SeleniumLibrary">
<arg>Login</arg>
<doc>Verifies that the current page title equals ``title``.</doc>
<msg timestamp="20231120 18:57:52.193" level="INFO">Page title is 'Login'.</msg>
<status status="PASS" starttime="20231120 18:57:51.683" endtime="20231120 18:57:52.194"/>
</kw>
<status status="PASS" starttime="20231120 18:57:51.682" endtime="20231120 18:57:52.194"/>
</kw>
<status status="PASS" starttime="20231120 18:57:51.135" endtime="20231120 18:57:52.194"/>
</kw>
<kw name="Set Username">
<arg>kalle</arg>
<kw name="Input Text" library="SeleniumLibrary">
<arg>username</arg>
<arg>${username}</arg>
<doc>Types the given ``text`` into the text field identified by ``locator``.</doc>
<msg timestamp="20231120 18:57:52.196" level="INFO">Typing text 'kalle' into text field 'username'.</msg>
<status status="PASS" starttime="20231120 18:57:52.195" endtime="20231120 18:57:53.791"/>
</kw>
<status status="PASS" starttime="20231120 18:57:52.194" endtime="20231120 18:57:53.792"/>
</kw>
<kw name="Set Password">
<arg>kalle456</arg>
<kw name="Input Password" library="SeleniumLibrary">
<arg>password</arg>
<arg>${password}</arg>
<doc>Types the given password into the text field identified by ``locator``.</doc>
<msg timestamp="20231120 18:57:53.793" level="INFO">Typing password into text field 'password'.</msg>
<msg timestamp="20231120 18:57:54.832" level="INFO">Temporally setting log level to: NONE</msg>
<msg timestamp="20231120 18:57:55.381" level="INFO">Log level changed from NONE to INFO.</msg>
<status status="PASS" starttime="20231120 18:57:53.793" endtime="20231120 18:57:55.382"/>
</kw>
<status status="PASS" starttime="20231120 18:57:53.792" endtime="20231120 18:57:55.382"/>
</kw>
<kw name="Submit Credentials">
<kw name="Click Button" library="SeleniumLibrary">
<arg>Login</arg>
<doc>Clicks the button identified by ``locator``.</doc>
<msg timestamp="20231120 18:57:55.383" level="INFO">Clicking button 'Login'.</msg>
<status status="PASS" starttime="20231120 18:57:55.383" endtime="20231120 18:57:57.470"/>
</kw>
<status status="PASS" starttime="20231120 18:57:55.382" endtime="20231120 18:57:57.470"/>
</kw>
<kw name="Login Should Fail With Message">
<arg>Invalid username or password</arg>
<kw name="Login Page Should Be Open" library="resource">
<kw name="Title Should Be" library="SeleniumLibrary">
<arg>Login</arg>
<doc>Verifies that the current page title equals ``title``.</doc>
<msg timestamp="20231120 18:57:57.980" level="INFO">Page title is 'Login'.</msg>
<status status="PASS" starttime="20231120 18:57:57.472" endtime="20231120 18:57:57.981"/>
</kw>
<status status="PASS" starttime="20231120 18:57:57.471" endtime="20231120 18:57:57.981"/>
</kw>
<kw name="Page Should Contain" library="SeleniumLibrary">
<arg>${message}</arg>
<doc>Verifies that current page contains ``text``.</doc>
<msg timestamp="20231120 18:57:59.010" level="INFO">Current page contains text 'Invalid username or password'.</msg>
<status status="PASS" starttime="20231120 18:57:57.981" endtime="20231120 18:57:59.011"/>
</kw>
<status status="PASS" starttime="20231120 18:57:57.471" endtime="20231120 18:57:59.011"/>
</kw>
<status status="PASS" starttime="20231120 18:57:51.134" endtime="20231120 18:57:59.011"/>
</test>
<test id="s1-s2-t3" name="Login With Nonexistent Username" line="20">
<kw name="Create User And Go To Login Page" type="SETUP">
<kw name="Create User" library="AppLibrary">
<arg>kalle</arg>
<arg>kalle123</arg>
<status status="PASS" starttime="20231120 18:57:59.013" endtime="20231120 18:57:59.027"/>
</kw>
<kw name="Go To Login Page" library="resource">
<kw name="Go To" library="SeleniumLibrary">
<arg>${LOGIN_URL}</arg>
<doc>Navigates the current browser window to the provided ``url``.</doc>
<msg timestamp="20231120 18:57:59.028" level="INFO">Opening url 'http://localhost:5001/login'</msg>
<status status="PASS" starttime="20231120 18:57:59.028" endtime="20231120 18:57:59.556"/>
</kw>
<status status="PASS" starttime="20231120 18:57:59.027" endtime="20231120 18:57:59.557"/>
</kw>
<kw name="Login Page Should Be Open" library="resource">
<kw name="Title Should Be" library="SeleniumLibrary">
<arg>Login</arg>
<doc>Verifies that the current page title equals ``title``.</doc>
<msg timestamp="20231120 18:58:00.068" level="INFO">Page title is 'Login'.</msg>
<status status="PASS" starttime="20231120 18:57:59.557" endtime="20231120 18:58:00.068"/>
</kw>
<status status="PASS" starttime="20231120 18:57:59.557" endtime="20231120 18:58:00.068"/>
</kw>
<status status="PASS" starttime="20231120 18:57:59.012" endtime="20231120 18:58:00.068"/>
</kw>
<kw name="Set Username">
<arg>nonexistent</arg>
<kw name="Input Text" library="SeleniumLibrary">
<arg>username</arg>
<arg>${username}</arg>
<doc>Types the given ``text`` into the text field identified by ``locator``.</doc>
<msg timestamp="20231120 18:58:00.070" level="INFO">Typing text 'nonexistent' into text field 'username'.</msg>
<status status="PASS" starttime="20231120 18:58:00.069" endtime="20231120 18:58:01.668"/>
</kw>
<status status="PASS" starttime="20231120 18:58:00.068" endtime="20231120 18:58:01.668"/>
</kw>
<kw name="Set Password">
<arg>test1234</arg>
<kw name="Input Password" library="SeleniumLibrary">
<arg>password</arg>
<arg>${password}</arg>
<doc>Types the given password into the text field identified by ``locator``.</doc>
<msg timestamp="20231120 18:58:01.670" level="INFO">Typing password into text field 'password'.</msg>
<msg timestamp="20231120 18:58:02.713" level="INFO">Temporally setting log level to: NONE</msg>
<msg timestamp="20231120 18:58:03.268" level="INFO">Log level changed from NONE to INFO.</msg>
<status status="PASS" starttime="20231120 18:58:01.669" endtime="20231120 18:58:03.268"/>
</kw>
<status status="PASS" starttime="20231120 18:58:01.669" endtime="20231120 18:58:03.268"/>
</kw>
<kw name="Submit Credentials">
<kw name="Click Button" library="SeleniumLibrary">
<arg>Login</arg>
<doc>Clicks the button identified by ``locator``.</doc>
<msg timestamp="20231120 18:58:03.271" level="INFO">Clicking button 'Login'.</msg>
<status status="PASS" starttime="20231120 18:58:03.270" endtime="20231120 18:58:05.359"/>
</kw>
<status status="PASS" starttime="20231120 18:58:03.269" endtime="20231120 18:58:05.359"/>
</kw>
<kw name="Login Should Fail With Message">
<arg>Invalid username or password</arg>
<kw name="Login Page Should Be Open" library="resource">
<kw name="Title Should Be" library="SeleniumLibrary">
<arg>Login</arg>
<doc>Verifies that the current page title equals ``title``.</doc>
<msg timestamp="20231120 18:58:05.870" level="INFO">Page title is 'Login'.</msg>
<status status="PASS" starttime="20231120 18:58:05.360" endtime="20231120 18:58:05.870"/>
</kw>
<status status="PASS" starttime="20231120 18:58:05.360" endtime="20231120 18:58:05.870"/>
</kw>
<kw name="Page Should Contain" library="SeleniumLibrary">
<arg>${message}</arg>
<doc>Verifies that current page contains ``text``.</doc>
<msg timestamp="20231120 18:58:06.893" level="INFO">Current page contains text 'Invalid username or password'.</msg>
<status status="PASS" starttime="20231120 18:58:05.870" endtime="20231120 18:58:06.894"/>
</kw>
<status status="PASS" starttime="20231120 18:58:05.359" endtime="20231120 18:58:06.894"/>
</kw>
<status status="PASS" starttime="20231120 18:57:59.012" endtime="20231120 18:58:06.894"/>
</test>
<kw name="Close Browser" library="SeleniumLibrary" type="TEARDOWN">
<doc>Closes the current browser.</doc>
<status status="PASS" starttime="20231120 18:58:06.895" endtime="20231120 18:58:07.454"/>
</kw>
<status status="PASS" starttime="20231120 18:57:43.065" endtime="20231120 18:58:07.454"/>
</suite>
<status status="PASS" starttime="20231120 18:57:35.962" endtime="20231120 18:58:07.457"/>
</suite>
<statistics>
<total>
<stat pass="5" fail="0" skip="0">All Tests</stat>
</total>
<tag>
</tag>
<suite>
<stat pass="5" fail="0" skip="0" id="s1" name="Tests">Tests</stat>
<stat pass="2" fail="0" skip="0" id="s1-s1" name="Home">Tests.Home</stat>
<stat pass="3" fail="0" skip="0" id="s1-s2" name="Login">Tests.Login</stat>
</suite>
</statistics>
<errors>
</errors>
</robot>
