<?xml version="1.0" encoding="UTF-8"?>
<robot generator="Robot 6.1.1 (Python 3.10.12 on linux)" generated="20231120 18:51:10.023" rpa="false" schemaversion="4">
<suite id="s1" name="Tests" source="/home/patricks/ohtu/viikko3/web-login/src/tests">
<suite id="s1-s1" name="Home" source="/home/patricks/ohtu/viikko3/web-login/src/tests/home.robot">
<kw name="Open And Configure Browser" library="resource" type="SETUP">
<kw name="Evaluate" library="BuiltIn">
<var>${options}</var>
<arg>sys.modules['selenium.webdriver'].ChromeOptions()</arg>
<arg>sys</arg>
<doc>Evaluates the given expression in Python and returns the result.</doc>
<msg timestamp="20231120 18:51:10.163" level="INFO">${options} = &lt;selenium.webdriver.chrome.options.Options object at 0x7f2172a13d30&gt;</msg>
<status status="PASS" starttime="20231120 18:51:10.163" endtime="20231120 18:51:10.163"/>
</kw>
<kw name="Open Browser" library="SeleniumLibrary">
<arg>browser=chrome</arg>
<arg>options=${options}</arg>
<doc>Opens a new browser instance to the optional ``url``.</doc>
<msg timestamp="20231120 18:51:10.164" level="INFO">Opening browser 'chrome' to base url 'None'.</msg>
<status status="PASS" starttime="20231120 18:51:10.164" endtime="20231120 18:51:11.274"/>
</kw>
<kw name="Set Selenium Speed" library="SeleniumLibrary">
<arg>${DELAY}</arg>
<doc>Sets the delay that is waited after each Selenium command.</doc>
<status status="PASS" starttime="20231120 18:51:11.274" endtime="20231120 18:51:11.275"/>
</kw>
<status status="PASS" starttime="20231120 18:51:10.163" endtime="20231120 18:51:11.275"/>
</kw>
<test id="s1-s1-t1" name="Click Login Link" line="8">
<kw name="Go To Starting Page" library="resource" type="SETUP">
<kw name="Go To" library="SeleniumLibrary">
<arg>${HOME_URL}</arg>
<doc>Navigates the current browser window to the provided ``url``.</doc>
<msg timestamp="20231120 18:51:11.277" level="INFO">Opening url 'http://localhost:5001'</msg>
<status status="PASS" starttime="20231120 18:51:11.276" endtime="20231120 18:51:11.867"/>
</kw>
<status status="PASS" starttime="20231120 18:51:11.276" endtime="20231120 18:51:11.867"/>
</kw>
<kw name="Click Link" library="SeleniumLibrary">
<arg>Login</arg>
<doc>Clicks a link identified by ``locator``.</doc>
<msg timestamp="20231120 18:51:11.869" level="INFO">Clicking link 'Login'.</msg>
<status status="PASS" starttime="20231120 18:51:11.868" endtime="20231120 18:51:13.467"/>
</kw>
<kw name="Login Page Should Be Open" library="resource">
<kw name="Title Should Be" library="SeleniumLibrary">
<arg>Login</arg>
<doc>Verifies that the current page title equals ``title``.</doc>
<msg timestamp="20231120 18:51:13.979" level="INFO">Page title is 'Login'.</msg>
<status status="PASS" starttime="20231120 18:51:13.469" endtime="20231120 18:51:13.979"/>
</kw>
<status status="PASS" starttime="20231120 18:51:13.468" endtime="20231120 18:51:13.979"/>
</kw>
<status status="PASS" starttime="20231120 18:51:11.275" endtime="20231120 18:51:13.980"/>
</test>
<test id="s1-s1-t2" name="Click Register Link" line="12">
<kw name="Go To Starting Page" library="resource" type="SETUP">
<kw name="Go To" library="SeleniumLibrary">
<arg>${HOME_URL}</arg>
<doc>Navigates the current browser window to the provided ``url``.</doc>
<msg timestamp="20231120 18:51:13.982" level="INFO">Opening url 'http://localhost:5001'</msg>
<status status="PASS" starttime="20231120 18:51:13.981" endtime="20231120 18:51:14.514"/>
</kw>
<status status="PASS" starttime="20231120 18:51:13.981" endtime="20231120 18:51:14.514"/>
</kw>
<kw name="Click Link" library="SeleniumLibrary">
<arg>Register new user</arg>
<doc>Clicks a link identified by ``locator``.</doc>
<msg timestamp="20231120 18:51:14.516" level="INFO">Clicking link 'Register new user'.</msg>
<status status="PASS" starttime="20231120 18:51:14.515" endtime="20231120 18:51:16.102"/>
</kw>
<kw name="Register Page Should Be Open" library="resource">
<kw name="Title Should Be" library="SeleniumLibrary">
<arg>Register</arg>
<doc>Verifies that the current page title equals ``title``.</doc>
<msg timestamp="20231120 18:51:16.614" level="INFO">Page title is 'Register'.</msg>
<status status="PASS" starttime="20231120 18:51:16.103" endtime="20231120 18:51:16.614"/>
</kw>
<status status="PASS" starttime="20231120 18:51:16.103" endtime="20231120 18:51:16.614"/>
</kw>
<status status="PASS" starttime="20231120 18:51:13.980" endtime="20231120 18:51:16.615"/>
</test>
<kw name="Close Browser" library="SeleniumLibrary" type="TEARDOWN">
<doc>Closes the current browser.</doc>
<status status="PASS" starttime="20231120 18:51:16.616" endtime="20231120 18:51:17.176"/>
</kw>
<status status="PASS" starttime="20231120 18:51:10.038" endtime="20231120 18:51:17.176"/>
</suite>
<suite id="s1-s2" name="Login" source="/home/patricks/ohtu/viikko3/web-login/src/tests/login.robot">
<kw name="Open And Configure Browser" library="resource" type="SETUP">
<kw name="Evaluate" library="BuiltIn">
<var>${options}</var>
<arg>sys.modules['selenium.webdriver'].ChromeOptions()</arg>
<arg>sys</arg>
<doc>Evaluates the given expression in Python and returns the result.</doc>
<msg timestamp="20231120 18:51:17.186" level="INFO">${options} = &lt;selenium.webdriver.chrome.options.Options object at 0x7f2172a95db0&gt;</msg>
<status status="PASS" starttime="20231120 18:51:17.185" endtime="20231120 18:51:17.186"/>
</kw>
<kw name="Open Browser" library="SeleniumLibrary">
<arg>browser=chrome</arg>
<arg>options=${options}</arg>
<doc>Opens a new browser instance to the optional ``url``.</doc>
<msg timestamp="20231120 18:51:17.187" level="INFO">Opening browser 'chrome' to base url 'None'.</msg>
<status status="PASS" starttime="20231120 18:51:17.186" endtime="20231120 18:51:18.263"/>
</kw>
<kw name="Set Selenium Speed" library="SeleniumLibrary">
<arg>${DELAY}</arg>
<doc>Sets the delay that is waited after each Selenium command.</doc>
<status status="PASS" starttime="20231120 18:51:18.263" endtime="20231120 18:51:18.263"/>
</kw>
<status status="PASS" starttime="20231120 18:51:17.185" endtime="20231120 18:51:18.264"/>
</kw>
<test id="s1-s2-t1" name="Login With Correct Credentials" line="8">
<kw name="Create User And Go To Login Page" type="SETUP">
<kw name="Create User" library="AppLibrary">
<arg>kalle</arg>
<arg>kalle123</arg>
<status status="PASS" starttime="20231120 18:51:18.265" endtime="20231120 18:51:18.273"/>
</kw>
<kw name="Go To Login Page" library="resource">
<kw name="Go To" library="SeleniumLibrary">
<arg>${LOGIN_URL}</arg>
<doc>Navigates the current browser window to the provided ``url``.</doc>
<msg timestamp="20231120 18:51:18.274" level="INFO">Opening url 'http://localhost:5001/login'</msg>
<status status="PASS" starttime="20231120 18:51:18.273" endtime="20231120 18:51:18.835"/>
</kw>
<status status="PASS" starttime="20231120 18:51:18.273" endtime="20231120 18:51:18.835"/>
</kw>
<kw name="Login Page Should Be Open" library="resource">
<kw name="Title Should Be" library="SeleniumLibrary">
<arg>Login</arg>
<doc>Verifies that the current page title equals ``title``.</doc>
<msg timestamp="20231120 18:51:19.347" level="INFO">Page title is 'Login'.</msg>
<status status="PASS" starttime="20231120 18:51:18.836" endtime="20231120 18:51:19.347"/>
</kw>
<status status="PASS" starttime="20231120 18:51:18.835" endtime="20231120 18:51:19.347"/>
</kw>
<status status="PASS" starttime="20231120 18:51:18.264" endtime="20231120 18:51:19.347"/>
</kw>
<kw name="Set Username">
<arg>kalle</arg>
<kw name="Input Text" library="SeleniumLibrary">
<arg>username</arg>
<arg>${username}</arg>
<doc>Types the given ``text`` into the text field identified by ``locator``.</doc>
<msg timestamp="20231120 18:51:19.349" level="INFO">Typing text 'kalle' into text field 'username'.</msg>
<status status="PASS" starttime="20231120 18:51:19.348" endtime="20231120 18:51:20.977"/>
</kw>
<status status="PASS" starttime="20231120 18:51:19.347" endtime="20231120 18:51:20.977"/>
</kw>
<kw name="Set Password">
<arg>kalle123</arg>
<kw name="Input Password" library="SeleniumLibrary">
<arg>password</arg>
<arg>${password}</arg>
<doc>Types the given password into the text field identified by ``locator``.</doc>
<msg timestamp="20231120 18:51:20.979" level="INFO">Typing password into text field 'password'.</msg>
<msg timestamp="20231120 18:51:22.031" level="INFO">Temporally setting log level to: NONE</msg>
<msg timestamp="20231120 18:51:22.580" level="INFO">Log level changed from NONE to INFO.</msg>
<status status="PASS" starttime="20231120 18:51:20.978" endtime="20231120 18:51:22.580"/>
</kw>
<status status="PASS" starttime="20231120 18:51:20.977" endtime="20231120 18:51:22.580"/>
</kw>
<kw name="Submit Credentials">
<kw name="Click Button" library="SeleniumLibrary">
<arg>Login</arg>
<doc>Clicks the button identified by ``locator``.</doc>
<msg timestamp="20231120 18:51:22.582" level="INFO">Clicking button 'Login'.</msg>
<status status="PASS" starttime="20231120 18:51:22.581" endtime="20231120 18:51:24.693"/>
</kw>
<status status="PASS" starttime="20231120 18:51:22.581" endtime="20231120 18:51:24.693"/>
</kw>
<kw name="Login Should Succeed">
<kw name="Main Page Should Be Open" library="resource">
<kw name="Title Should Be" library="SeleniumLibrary">
<arg>Ohtu Application main page</arg>
<doc>Verifies that the current page title equals ``title``.</doc>
<msg timestamp="20231120 18:51:25.203" level="INFO">Page title is 'Ohtu Application main page'.</msg>
<status status="PASS" starttime="20231120 18:51:24.694" endtime="20231120 18:51:25.203"/>
</kw>
<status status="PASS" starttime="20231120 18:51:24.694" endtime="20231120 18:51:25.204"/>
</kw>
<status status="PASS" starttime="20231120 18:51:24.693" endtime="20231120 18:51:25.204"/>
</kw>
<status status="PASS" starttime="20231120 18:51:18.264" endtime="20231120 18:51:25.204"/>
</test>
<test id="s1-s2-t2" name="Login With Incorrect Password" line="14">
<kw name="Create User And Go To Login Page" type="SETUP">
<kw name="Create User" library="AppLibrary">
<arg>kalle</arg>
<arg>kalle123</arg>
<status status="PASS" starttime="20231120 18:51:25.206" endtime="20231120 18:51:25.220"/>
</kw>
<kw name="Go To Login Page" library="resource">
<kw name="Go To" library="SeleniumLibrary">
<arg>${LOGIN_URL}</arg>
<doc>Navigates the current browser window to the provided ``url``.</doc>
<msg timestamp="20231120 18:51:25.221" level="INFO">Opening url 'http://localhost:5001/login'</msg>
<status status="PASS" starttime="20231120 18:51:25.220" endtime="20231120 18:51:25.752"/>
</kw>
<status status="PASS" starttime="20231120 18:51:25.220" endtime="20231120 18:51:25.752"/>
</kw>
<kw name="Login Page Should Be Open" library="resource">
<kw name="Title Should Be" library="SeleniumLibrary">
<arg>Login</arg>
<doc>Verifies that the current page title equals ``title``.</doc>
<msg timestamp="20231120 18:51:26.263" level="INFO">Page title is 'Login'.</msg>
<status status="PASS" starttime="20231120 18:51:25.753" endtime="20231120 18:51:26.263"/>
</kw>
<status status="PASS" starttime="20231120 18:51:25.752" endtime="20231120 18:51:26.263"/>
</kw>
<status status="PASS" starttime="20231120 18:51:25.205" endtime="20231120 18:51:26.263"/>
</kw>
<kw name="Set Username">
<arg>kalle</arg>
<kw name="Input Text" library="SeleniumLibrary">
<arg>username</arg>
<arg>${username}</arg>
<doc>Types the given ``text`` into the text field identified by ``locator``.</doc>
<msg timestamp="20231120 18:51:26.265" level="INFO">Typing text 'kalle' into text field 'username'.</msg>
<status status="PASS" starttime="20231120 18:51:26.264" endtime="20231120 18:51:27.859"/>
</kw>
<status status="PASS" starttime="20231120 18:51:26.264" endtime="20231120 18:51:27.859"/>
</kw>
<kw name="Set Password">
<arg>kalle456</arg>
<kw name="Input Password" library="SeleniumLibrary">
<arg>password</arg>
<arg>${password}</arg>
<doc>Types the given password into the text field identified by ``locator``.</doc>
<msg timestamp="20231120 18:51:27.861" level="INFO">Typing password into text field 'password'.</msg>
<msg timestamp="20231120 18:51:28.911" level="INFO">Temporally setting log level to: NONE</msg>
<msg timestamp="20231120 18:51:29.460" level="INFO">Log level changed from NONE to INFO.</msg>
<status status="PASS" starttime="20231120 18:51:27.860" endtime="20231120 18:51:29.460"/>
</kw>
<status status="PASS" starttime="20231120 18:51:27.860" endtime="20231120 18:51:29.460"/>
</kw>
<kw name="Submit Credentials">
<kw name="Click Button" library="SeleniumLibrary">
<arg>Login</arg>
<doc>Clicks the button identified by ``locator``.</doc>
<msg timestamp="20231120 18:51:29.462" level="INFO">Clicking button 'Login'.</msg>
<status status="PASS" starttime="20231120 18:51:29.461" endtime="20231120 18:51:31.549"/>
</kw>
<status status="PASS" starttime="20231120 18:51:29.461" endtime="20231120 18:51:31.549"/>
</kw>
<kw name="Login Should Fail With Message">
<arg>Invalid username or password</arg>
<kw name="Login Page Should Be Open" library="resource">
<kw name="Title Should Be" library="SeleniumLibrary">
<arg>Login</arg>
<doc>Verifies that the current page title equals ``title``.</doc>
<msg timestamp="20231120 18:51:32.059" level="INFO">Page title is 'Login'.</msg>
<status status="PASS" starttime="20231120 18:51:31.550" endtime="20231120 18:51:32.059"/>
</kw>
<status status="PASS" starttime="20231120 18:51:31.550" endtime="20231120 18:51:32.059"/>
</kw>
<kw name="Page Should Contain" library="SeleniumLibrary">
<arg>${message}</arg>
<doc>Verifies that current page contains ``text``.</doc>
<msg timestamp="20231120 18:51:33.090" level="INFO">Current page contains text 'Invalid username or password'.</msg>
<status status="PASS" starttime="20231120 18:51:32.059" endtime="20231120 18:51:33.090"/>
</kw>
<status status="PASS" starttime="20231120 18:51:31.549" endtime="20231120 18:51:33.090"/>
</kw>
<status status="PASS" starttime="20231120 18:51:25.205" endtime="20231120 18:51:33.091"/>
</test>
<kw name="Close Browser" library="SeleniumLibrary" type="TEARDOWN">
<doc>Closes the current browser.</doc>
<status status="PASS" starttime="20231120 18:51:33.092" endtime="20231120 18:51:33.651"/>
</kw>
<status status="PASS" starttime="20231120 18:51:17.178" endtime="20231120 18:51:33.651"/>
</suite>
<status status="PASS" starttime="20231120 18:51:10.023" endtime="20231120 18:51:33.653"/>
</suite>
<statistics>
<total>
<stat pass="4" fail="0" skip="0">All Tests</stat>
</total>
<tag>
</tag>
<suite>
<stat pass="4" fail="0" skip="0" id="s1" name="Tests">Tests</stat>
<stat pass="2" fail="0" skip="0" id="s1-s1" name="Home">Tests.Home</stat>
<stat pass="2" fail="0" skip="0" id="s1-s2" name="Login">Tests.Login</stat>
</suite>
</statistics>
<errors>
</errors>
</robot>
